# JRE version: OpenJDK Runtime Environment (8.0_152-b01) (build 1.8.0_152-release-915-b01)
# Java VM: OpenJDK 64-Bit Server VM (25.152-b01 mixed mode windows-amd64 compressed oops)
Heap:
 PSYoungGen      total 204288K, used 54272K [0x00000000e0000000, 0x00000000edf00000, 0x0000000100000000)
  eden space 180224K, 20% used [0x00000000e0000000,0x00000000e24b0018,0x00000000eb000000)
  from space 24064K, 69% used [0x00000000eb000000,0x00000000ec050268,0x00000000ec780000)
  to   space 19968K, 0% used [0x00000000ecb80000,0x00000000ecb80000,0x00000000edf00000)
 ParOldGen       total 102912K, used 65100K [0x00000000a0000000, 0x00000000a6480000, 0x00000000e0000000)
  object space 102912K, 63% used [0x00000000a0000000,0x00000000a3f93048,0x00000000a6480000)
 Metaspace       used 83453K, capacity 87164K, committed 87296K, reserved 1124352K
  class space    used 10750K, capacity 11649K, committed 11776K, reserved 1048576K
GC Heap History (10 events):
Event: 71.887 GC heap before
{Heap before GC invocations=24 (full 3):
 PSYoungGen      total 176640K, used 168950K [0x00000000e0000000, 0x00000000ec800000, 0x0000000100000000)
  eden space 156672K, 100% used [0x00000000e0000000,0x00000000e9900000,0x00000000e9900000)
  from space 19968K, 61% used [0x00000000eb480000,0x00000000ec07d880,0x00000000ec800000)
  to   space 24064K, 0% used [0x00000000e9900000,0x00000000e9900000,0x00000000eb080000)
 ParOldGen       total 102912K, used 52478K [0x00000000a0000000, 0x00000000a6480000, 0x00000000e0000000)
  object space 102912K, 50% used [0x00000000a0000000,0x00000000a333fb40,0x00000000a6480000)
 Metaspace       used 71895K, capacity 75120K, committed 75264K, reserved 1114112K
  class space    used 9471K, capacity 10237K, committed 10240K, reserved 1048576K
Event: 71.922 GC heap after
Heap after GC invocations=24 (full 3):
 PSYoungGen      total 180736K, used 3874K [0x00000000e0000000, 0x00000000ee300000, 0x0000000100000000)
  eden space 156672K, 0% used [0x00000000e0000000,0x00000000e0000000,0x00000000e9900000)
  from space 24064K, 16% used [0x00000000e9900000,0x00000000e9cc8818,0x00000000eb080000)
  to   space 24064K, 0% used [0x00000000ecb80000,0x00000000ecb80000,0x00000000ee300000)
 ParOldGen       total 102912K, used 56566K [0x00000000a0000000, 0x00000000a6480000, 0x00000000e0000000)
  object space 102912K, 54% used [0x00000000a0000000,0x00000000a373dbb0,0x00000000a6480000)
 Metaspace       used 71895K, capacity 75120K, committed 75264K, reserved 1114112K
  class space    used 9471K, capacity 10237K, committed 10240K, reserved 1048576K
}
Event: 233.421 GC heap before
{Heap before GC invocations=25 (full 3):
 PSYoungGen      total 180736K, used 160546K [0x00000000e0000000, 0x00000000ee300000, 0x0000000100000000)
  eden space 156672K, 100% used [0x00000000e0000000,0x00000000e9900000,0x00000000e9900000)
  from space 24064K, 16% used [0x00000000e9900000,0x00000000e9cc8818,0x00000000eb080000)
  to   space 24064K, 0% used [0x00000000ecb80000,0x00000000ecb80000,0x00000000ee300000)
 ParOldGen       total 102912K, used 56566K [0x00000000a0000000, 0x00000000a6480000, 0x00000000e0000000)
  object space 102912K, 54% used [0x00000000a0000000,0x00000000a373dbb0,0x00000000a6480000)
 Metaspace       used 72378K, capacity 75690K, committed 75904K, reserved 1114112K
  class space    used 9521K, capacity 10358K, committed 10368K, reserved 1048576K
Event: 233.438 GC heap after
Heap after GC invocations=25 (full 3):
 PSYoungGen      total 200192K, used 3408K [0x00000000e0000000, 0x00000000edf00000, 0x0000000100000000)
  eden space 180224K, 0% used [0x00000000e0000000,0x00000000e0000000,0x00000000eb000000)
  from space 19968K, 17% used [0x00000000ecb80000,0x00000000eced4040,0x00000000edf00000)
  to   space 24064K, 0% used [0x00000000eb000000,0x00000000eb000000,0x00000000ec780000)
 ParOldGen       total 102912K, used 56574K [0x00000000a0000000, 0x00000000a6480000, 0x00000000e0000000)
  object space 102912K, 54% used [0x00000000a0000000,0x00000000a373fbb0,0x00000000a6480000)
 Metaspace       used 72378K, capacity 75690K, committed 75904K, reserved 1114112K
  class space    used 9521K, capacity 10358K, committed 10368K, reserved 1048576K
}
Event: 260.183 GC heap before
{Heap before GC invocations=26 (full 3):
 PSYoungGen      total 200192K, used 183632K [0x00000000e0000000, 0x00000000edf00000, 0x0000000100000000)
  eden space 180224K, 100% used [0x00000000e0000000,0x00000000eb000000,0x00000000eb000000)
  from space 19968K, 17% used [0x00000000ecb80000,0x00000000eced4040,0x00000000edf00000)
  to   space 24064K, 0% used [0x00000000eb000000,0x00000000eb000000,0x00000000ec780000)
 ParOldGen       total 102912K, used 56574K [0x00000000a0000000, 0x00000000a6480000, 0x00000000e0000000)
  object space 102912K, 54% used [0x00000000a0000000,0x00000000a373fbb0,0x00000000a6480000)
 Metaspace       used 79721K, capacity 83350K, committed 83584K, reserved 1122304K
  class space    used 10397K, capacity 11298K, committed 11392K, reserved 1048576K
Event: 260.229 GC heap after
Heap after GC invocations=26 (full 3):
 PSYoungGen      total 204288K, used 13637K [0x00000000e0000000, 0x00000000edf00000, 0x0000000100000000)
  eden space 180224K, 0% used [0x00000000e0000000,0x00000000e0000000,0x00000000eb000000)
  from space 24064K, 56% used [0x00000000eb000000,0x00000000ebd51678,0x00000000ec780000)
  to   space 19968K, 0% used [0x00000000ecb80000,0x00000000ecb80000,0x00000000edf00000)
 ParOldGen       total 102912K, used 56582K [0x00000000a0000000, 0x00000000a6480000, 0x00000000e0000000)
  object space 102912K, 54% used [0x00000000a0000000,0x00000000a3741bb0,0x00000000a6480000)
 Metaspace       used 79721K, capacity 83350K, committed 83584K, reserved 1122304K
  class space    used 10397K, capacity 11298K, committed 11392K, reserved 1048576K
}
Event: 308.838 GC heap before
{Heap before GC invocations=27 (full 3):
 PSYoungGen      total 204288K, used 193861K [0x00000000e0000000, 0x00000000edf00000, 0x0000000100000000)
  eden space 180224K, 100% used [0x00000000e0000000,0x00000000eb000000,0x00000000eb000000)
  from space 24064K, 56% used [0x00000000eb000000,0x00000000ebd51678,0x00000000ec780000)
  to   space 19968K, 0% used [0x00000000ecb80000,0x00000000ecb80000,0x00000000edf00000)
 ParOldGen       total 102912K, used 56585K [0x00000000a0000000, 0x00000000a6480000, 0x00000000e0000000)
  object space 102912K, 54% used [0x00000000a0000000,0x00000000a3742528,0x00000000a6480000)
 Metaspace       used 83157K, capacity 86840K, committed 87040K, reserved 1124352K
  class space    used 10748K, capacity 11649K, committed 11776K, reserved 1048576K
Event: 308.891 GC heap after
Heap after GC invocations=27 (full 3):
 PSYoungGen      total 200192K, used 19952K [0x00000000e0000000, 0x00000000edf00000, 0x0000000100000000)
  eden space 180224K, 0% used [0x00000000e0000000,0x00000000e0000000,0x00000000eb000000)
  from space 19968K, 99% used [0x00000000ecb80000,0x00000000edefc268,0x00000000edf00000)
  to   space 24064K, 0% used [0x00000000eb000000,0x00000000eb000000,0x00000000ec780000)
 ParOldGen       total 102912K, used 62032K [0x00000000a0000000, 0x00000000a6480000, 0x00000000e0000000)
  object space 102912K, 60% used [0x00000000a0000000,0x00000000a3c941b8,0x00000000a6480000)
 Metaspace       used 83157K, capacity 86840K, committed 87040K, reserved 1124352K
  class space    used 10748K, capacity 11649K, committed 11776K, reserved 1048576K
}
Event: 308.912 GC heap before
{Heap before GC invocations=28 (full 3):
 PSYoungGen      total 200192K, used 20909K [0x00000000e0000000, 0x00000000edf00000, 0x0000000100000000)
  eden space 180224K, 0% used [0x00000000e0000000,0x00000000e00ef568,0x00000000eb000000)
  from space 19968K, 99% used [0x00000000ecb80000,0x00000000edefc268,0x00000000edf00000)
  to   space 24064K, 0% used [0x00000000eb000000,0x00000000eb000000,0x00000000ec780000)
 ParOldGen       total 102912K, used 62032K [0x00000000a0000000, 0x00000000a6480000, 0x00000000e0000000)
  object space 102912K, 60% used [0x00000000a0000000,0x00000000a3c941b8,0x00000000a6480000)
 Metaspace       used 83167K, capacity 86840K, committed 87040K, reserved 1124352K
  class space    used 10748K, capacity 11649K, committed 11776K, reserved 1048576K
Event: 308.948 GC heap after
Heap after GC invocations=28 (full 3):
 PSYoungGen      total 204288K, used 16704K [0x00000000e0000000, 0x00000000edf00000, 0x0000000100000000)
  eden space 180224K, 0% used [0x00000000e0000000,0x00000000e0000000,0x00000000eb000000)
  from space 24064K, 69% used [0x00000000eb000000,0x00000000ec050268,0x00000000ec780000)
  to   space 19968K, 0% used [0x00000000ecb80000,0x00000000ecb80000,0x00000000edf00000)
 ParOldGen       total 102912K, used 65100K [0x00000000a0000000, 0x00000000a6480000, 0x00000000e0000000)
  object space 102912K, 63% used [0x00000000a0000000,0x00000000a3f93048,0x00000000a6480000)
 Metaspace       used 83167K, capacity 86840K, committed 87040K, reserved 1124352K
  class space    used 10748K, capacity 11649K, committed 11776K, reserved 1048576K
}

