# JRE version: OpenJDK Runtime Environment (8.0_152-b01) (build 1.8.0_152-release-915-b01)
# Java VM: OpenJDK 64-Bit Server VM (25.152-b01 mixed mode windows-amd64 compressed oops)
Heap:
 PSYoungGen      total 269312K, used 47976K [0x00000000e0000000, 0x00000000f2600000, 0x0000000100000000)
  eden space 240640K, 12% used [0x00000000e0000000,0x00000000e1e40388,0x00000000eeb00000)
  from space 28672K, 59% used [0x00000000f0a00000,0x00000000f1a99eb8,0x00000000f2600000)
  to   space 30208K, 0% used [0x00000000eeb00000,0x00000000eeb00000,0x00000000f0880000)
 ParOldGen       total 103936K, used 64954K [0x00000000a0000000, 0x00000000a6580000, 0x00000000e0000000)
  object space 103936K, 62% used [0x00000000a0000000,0x00000000a3f6ea38,0x00000000a6580000)
 Metaspace       used 60049K, capacity 61984K, committed 62296K, reserved 1103872K
  class space    used 7815K, capacity 8257K, committed 8320K, reserved 1048576K
GC Heap History (10 events):
Event: 28.248 GC heap before
{Heap before GC invocations=27 (full 3):
 PSYoungGen      total 171520K, used 165632K [0x00000000e0000000, 0x00000000ed900000, 0x0000000100000000)
  eden space 153088K, 100% used [0x00000000e0000000,0x00000000e9580000,0x00000000e9580000)
  from space 18432K, 68% used [0x00000000e9580000,0x00000000ea1c00b0,0x00000000ea780000)
  to   space 18944K, 0% used [0x00000000ec680000,0x00000000ec680000,0x00000000ed900000)
 ParOldGen       total 103936K, used 36506K [0x00000000a0000000, 0x00000000a6580000, 0x00000000e0000000)
  object space 103936K, 35% used [0x00000000a0000000,0x00000000a23a6b88,0x00000000a6580000)
 Metaspace       used 58286K, capacity 60056K, committed 60248K, reserved 1101824K
  class space    used 7604K, capacity 8021K, committed 8064K, reserved 1048576K
Event: 28.287 GC heap after
Heap after GC invocations=27 (full 3):
 PSYoungGen      total 202240K, used 14337K [0x00000000e0000000, 0x00000000edc80000, 0x0000000100000000)
  eden space 183296K, 0% used [0x00000000e0000000,0x00000000e0000000,0x00000000eb300000)
  from space 18944K, 75% used [0x00000000ec680000,0x00000000ed480528,0x00000000ed900000)
  to   space 19968K, 0% used [0x00000000eb300000,0x00000000eb300000,0x00000000ec680000)
 ParOldGen       total 103936K, used 36514K [0x00000000a0000000, 0x00000000a6580000, 0x00000000e0000000)
  object space 103936K, 35% used [0x00000000a0000000,0x00000000a23a8b88,0x00000000a6580000)
 Metaspace       used 58286K, capacity 60056K, committed 60248K, reserved 1101824K
  class space    used 7604K, capacity 8021K, committed 8064K, reserved 1048576K
}
Event: 29.327 GC heap before
{Heap before GC invocations=28 (full 3):
 PSYoungGen      total 202240K, used 197633K [0x00000000e0000000, 0x00000000edc80000, 0x0000000100000000)
  eden space 183296K, 100% used [0x00000000e0000000,0x00000000eb300000,0x00000000eb300000)
  from space 18944K, 75% used [0x00000000ec680000,0x00000000ed480528,0x00000000ed900000)
  to   space 19968K, 0% used [0x00000000eb300000,0x00000000eb300000,0x00000000ec680000)
 ParOldGen       total 103936K, used 36514K [0x00000000a0000000, 0x00000000a6580000, 0x00000000e0000000)
  object space 103936K, 35% used [0x00000000a0000000,0x00000000a23a8b88,0x00000000a6580000)
 Metaspace       used 58293K, capacity 60056K, committed 60248K, reserved 1101824K
  class space    used 7604K, capacity 8021K, committed 8064K, reserved 1048576K
Event: 29.371 GC heap after
Heap after GC invocations=28 (full 3):
 PSYoungGen      total 203264K, used 14656K [0x00000000e0000000, 0x00000000ef900000, 0x0000000100000000)
  eden space 183296K, 0% used [0x00000000e0000000,0x00000000e0000000,0x00000000eb300000)
  from space 19968K, 73% used [0x00000000eb300000,0x00000000ec1500e0,0x00000000ec680000)
  to   space 20480K, 0% used [0x00000000ee500000,0x00000000ee500000,0x00000000ef900000)
 ParOldGen       total 103936K, used 39378K [0x00000000a0000000, 0x00000000a6580000, 0x00000000e0000000)
  object space 103936K, 37% used [0x00000000a0000000,0x00000000a2674b88,0x00000000a6580000)
 Metaspace       used 58293K, capacity 60056K, committed 60248K, reserved 1101824K
  class space    used 7604K, capacity 8021K, committed 8064K, reserved 1048576K
}
Event: 33.196 GC heap before
{Heap before GC invocations=29 (full 3):
 PSYoungGen      total 203264K, used 197952K [0x00000000e0000000, 0x00000000ef900000, 0x0000000100000000)
  eden space 183296K, 100% used [0x00000000e0000000,0x00000000eb300000,0x00000000eb300000)
  from space 19968K, 73% used [0x00000000eb300000,0x00000000ec1500e0,0x00000000ec680000)
  to   space 20480K, 0% used [0x00000000ee500000,0x00000000ee500000,0x00000000ef900000)
 ParOldGen       total 103936K, used 39378K [0x00000000a0000000, 0x00000000a6580000, 0x00000000e0000000)
  object space 103936K, 37% used [0x00000000a0000000,0x00000000a2674b88,0x00000000a6580000)
 Metaspace       used 58454K, capacity 60274K, committed 60504K, reserved 1101824K
  class space    used 7627K, capacity 8064K, committed 8064K, reserved 1048576K
Event: 33.236 GC heap after
Heap after GC invocations=29 (full 3):
 PSYoungGen      total 228352K, used 11264K [0x00000000e0000000, 0x00000000ef580000, 0x0000000100000000)
  eden space 211456K, 0% used [0x00000000e0000000,0x00000000e0000000,0x00000000ece80000)
  from space 16896K, 66% used [0x00000000ee500000,0x00000000ef000020,0x00000000ef580000)
  to   space 19968K, 0% used [0x00000000ece80000,0x00000000ece80000,0x00000000ee200000)
 ParOldGen       total 103936K, used 41538K [0x00000000a0000000, 0x00000000a6580000, 0x00000000e0000000)
  object space 103936K, 39% used [0x00000000a0000000,0x00000000a2890b88,0x00000000a6580000)
 Metaspace       used 58454K, capacity 60274K, committed 60504K, reserved 1101824K
  class space    used 7627K, capacity 8064K, committed 8064K, reserved 1048576K
}
Event: 36.323 GC heap before
{Heap before GC invocations=30 (full 3):
 PSYoungGen      total 228352K, used 222720K [0x00000000e0000000, 0x00000000ef580000, 0x0000000100000000)
  eden space 211456K, 100% used [0x00000000e0000000,0x00000000ece80000,0x00000000ece80000)
  from space 16896K, 66% used [0x00000000ee500000,0x00000000ef000020,0x00000000ef580000)
  to   space 19968K, 0% used [0x00000000ece80000,0x00000000ece80000,0x00000000ee200000)
 ParOldGen       total 103936K, used 41538K [0x00000000a0000000, 0x00000000a6580000, 0x00000000e0000000)
  object space 103936K, 39% used [0x00000000a0000000,0x00000000a2890b88,0x00000000a6580000)
 Metaspace       used 59364K, capacity 61154K, committed 61400K, reserved 1101824K
  class space    used 7729K, capacity 8166K, committed 8192K, reserved 1048576K
Event: 36.388 GC heap after
Heap after GC invocations=30 (full 3):
 PSYoungGen      total 231424K, used 19954K [0x00000000e0000000, 0x00000000f2780000, 0x0000000100000000)
  eden space 211456K, 0% used [0x00000000e0000000,0x00000000e0000000,0x00000000ece80000)
  from space 19968K, 99% used [0x00000000ece80000,0x00000000ee1fcb78,0x00000000ee200000)
  to   space 30208K, 0% used [0x00000000f0a00000,0x00000000f0a00000,0x00000000f2780000)
 ParOldGen       total 103936K, used 62314K [0x00000000a0000000, 0x00000000a6580000, 0x00000000e0000000)
  object space 103936K, 59% used [0x00000000a0000000,0x00000000a3cdaa38,0x00000000a6580000)
 Metaspace       used 59364K, capacity 61154K, committed 61400K, reserved 1101824K
  class space    used 7729K, capacity 8166K, committed 8192K, reserved 1048576K
}
Event: 38.387 GC heap before
{Heap before GC invocations=31 (full 3):
 PSYoungGen      total 231424K, used 231410K [0x00000000e0000000, 0x00000000f2780000, 0x0000000100000000)
  eden space 211456K, 100% used [0x00000000e0000000,0x00000000ece80000,0x00000000ece80000)
  from space 19968K, 99% used [0x00000000ece80000,0x00000000ee1fcb78,0x00000000ee200000)
  to   space 30208K, 0% used [0x00000000f0a00000,0x00000000f0a00000,0x00000000f2780000)
 ParOldGen       total 103936K, used 62314K [0x00000000a0000000, 0x00000000a6580000, 0x00000000e0000000)
  object space 103936K, 59% used [0x00000000a0000000,0x00000000a3cdaa38,0x00000000a6580000)
 Metaspace       used 60023K, capacity 61962K, committed 62040K, reserved 1103872K
  class space    used 7812K, capacity 8254K, committed 8320K, reserved 1048576K
Event: 38.419 GC heap after
Heap after GC invocations=31 (full 3):
 PSYoungGen      total 269312K, used 16999K [0x00000000e0000000, 0x00000000f2600000, 0x0000000100000000)
  eden space 240640K, 0% used [0x00000000e0000000,0x00000000e0000000,0x00000000eeb00000)
  from space 28672K, 59% used [0x00000000f0a00000,0x00000000f1a99eb8,0x00000000f2600000)
  to   space 30208K, 0% used [0x00000000eeb00000,0x00000000eeb00000,0x00000000f0880000)
 ParOldGen       total 103936K, used 64954K [0x00000000a0000000, 0x00000000a6580000, 0x00000000e0000000)
  object space 103936K, 62% used [0x00000000a0000000,0x00000000a3f6ea38,0x00000000a6580000)
 Metaspace       used 60023K, capacity 61962K, committed 62040K, reserved 1103872K
  class space    used 7812K, capacity 8254K, committed 8320K, reserved 1048576K
}

